[2025-05-22T18:17:27.910Z] Starting Fix Specific TypeScript Errors Script
[2025-05-22T18:17:27.923Z] Fixed specific issues in C:\Users\nick\Desktop\FibroGuardian\components\common\ErrorBoundary.tsx
[2025-05-22T18:17:27.926Z] Fixed specific issues in C:\Users\nick\Desktop\FibroGuardian\components\common\LazyImage.tsx
[2025-05-22T18:17:27.930Z] Fixed specific issues in C:\Users\nick\Desktop\FibroGuardian\lib\performance\imageLazyOptimizer.tsx
[2025-05-22T18:17:27.936Z] Fixed specific issues in C:\Users\nick\Desktop\FibroGuardian\components\onboarding\GuidedTour.tsx
[2025-05-22T18:17:27.945Z] Fixed specific issues in C:\Users\nick\Desktop\FibroGuardian\components\subscription\PricingTables.tsx
[2025-05-22T18:17:27.950Z] Fixed specific issues in C:\Users\nick\Desktop\FibroGuardian\components\subscription\UpgradePrompt.tsx
[2025-05-22T18:17:27.955Z] Fixed specific issues in C:\Users\nick\Desktop\FibroGuardian\components\support\SupportWidget.tsx
[2025-05-22T18:17:27.961Z] Fixed specific issues in C:\Users\nick\Desktop\FibroGuardian\lib\analytics\userJourney.ts
[2025-05-22T18:17:27.965Z] Fixed specific issues in C:\Users\nick\Desktop\FibroGuardian\hooks\useSupabaseQuery.ts
[2025-05-22T18:17:27.969Z] Fixed specific issues in C:\Users\nick\Desktop\FibroGuardian\app\api\auth\callback\route.ts
[2025-05-22T18:17:27.973Z] Fixed specific issues in C:\Users\nick\Desktop\FibroGuardian\app\api\tasks\[id]\route.ts
[2025-05-22T18:17:27.977Z] Fixed specific issues in C:\Users\nick\Desktop\FibroGuardian\app\rapporten\page.tsx
[2025-05-22T18:17:27.983Z] Fixed specific issues in C:\Users\nick\Desktop\FibroGuardian\app\reflecties\page.tsx
[2025-05-22T18:17:27.988Z] Fixed specific issues in C:\Users\nick\Desktop\FibroGuardian\app\specialisten\page.tsx
[2025-05-22T18:17:27.996Z] Fixed specific issues in C:\Users\nick\Desktop\FibroGuardian\app\taken\[taskId]\edit\page.tsx
[2025-05-22T18:17:28.016Z] Fixed specific issues in C:\Users\nick\Desktop\FibroGuardian\components\admin\EditUserForm.tsx
[2025-05-22T18:17:28.023Z] Fixed specific issues in C:\Users\nick\Desktop\FibroGuardian\components\dev\PerformanceDashboard.tsx
[2025-05-22T18:17:28.029Z] Fixed specific issues in C:\Users\nick\Desktop\FibroGuardian\components\specialisten\CreateTaskAssignmentForm.tsx
[2025-05-22T18:17:28.034Z] Fixed specific issues in C:\Users\nick\Desktop\FibroGuardian\components\subscription\SubscriptionManagement.tsx
[2025-05-22T18:17:28.046Z] Fixed specific issues in C:\Users\nick\Desktop\FibroGuardian\components\subscription\withFeatureAccess.tsx
[2025-05-22T18:17:28.049Z] Fixed specific issues in C:\Users\nick\Desktop\FibroGuardian\lib\onboarding\onboardingEngine.ts
[2025-05-22T18:17:28.051Z] Fixed 21 files in total
[2025-05-22T18:17:28.052Z] Fix Specific TypeScript Errors Script completed
