Unified Auto-Fix System started at 2025-05-22T15:10:25.351Z

Initial error count: 340
Remaining error count: 296

Auto-Fix Report:
Initial errors: 340
Fixed errors: 44
Remaining errors: 296
Fix rate: 12.94%

Recommendations for remaining errors:
1. Files with the most errors:
   - tests/LazyImage.spec.tsx: 36 errors
   - components/subscription/PricingTables.tsx: 22 errors
   - components/subscription/UpgradePrompt.tsx: 22 errors
   - components/subscription/withFeatureAccess.tsx: 18 errors
   - lib/performance/imageLazyOptimizer.tsx: 17 errors
   - lib/supabase-server.ts: 17 errors
   - components/subscription/SubscriptionManagement.tsx: 16 errors
   - app/rapporten/page.tsx: 14 errors
   - app/reflecties/page.tsx: 14 errors
   - app/specialisten/page.tsx: 14 errors

2. Most common error types:
   - TS1128 (88 occurrences): Declaration or statement expected.
     Recommendation: Review the error and fix manually
   - TS1005 (70 occurrences): ',' expected.
     Recommendation: Review the error and fix manually
   - TS1003 (31 occurrences): Identifier expected.
     Recommendation: Review the error and fix manually
   - TS1382 (25 occurrences): Unexpected token. Did you mean `{'>'}` or `&gt;`?
     Recommendation: Review the error and fix manually
   - TS1381 (21 occurrences): Unexpected token. Did you mean `{'}'}` or `&rbrace;`?
     Recommendation: Review the error and fix manually
   - TS1145 (14 occurrences): '{' or JSX element expected.
     Recommendation: Review the error and fix manually
   - TS2657 (13 occurrences): JSX expressions must have one parent element.
     Recommendation: Review the error and fix manually
   - TS1109 (10 occurrences): Expression expected.
     Recommendation: Review the error and fix manually
   - TS17002 (8 occurrences): Expected corresponding JSX closing tag for 'string'.
     Recommendation: Review the error and fix manually
   - TS1434 (7 occurrences): Unexpected keyword or identifier.
     Recommendation: Review the error and fix manually

3. Specific recommendations for top files:
   - tests/LazyImage.spec.tsx:
     - TS1381 (11 occurrences): Review React component and fix type issues
     - TS1005 (9 occurrences): Review React component and fix type issues
     - TS1382 (9 occurrences): Review React component and fix type issues
   - components/subscription/PricingTables.tsx:
     - TS1128 (6 occurrences): Review React component and fix type issues
     - TS1003 (4 occurrences): Review React component and fix type issues
     - TS1005 (2 occurrences): Review React component and fix type issues
   - components/subscription/UpgradePrompt.tsx:
     - TS1128 (6 occurrences): Review React component and fix type issues
     - TS1003 (4 occurrences): Review React component and fix type issues
     - TS1005 (2 occurrences): Review React component and fix type issues
   - components/subscription/withFeatureAccess.tsx:
     - TS1381 (6 occurrences): Review React component and fix type issues
     - TS1005 (3 occurrences): Review React component and fix type issues
     - TS1003 (2 occurrences): Review React component and fix type issues
   - lib/performance/imageLazyOptimizer.tsx:
     - TS1003 (5 occurrences): Review React component and fix type issues
     - TS1382 (3 occurrences): Review React component and fix type issues
     - TS1145 (2 occurrences): Review React component and fix type issues


Unified Auto-Fix System completed at 2025-05-22T15:11:30.319Z
Duration: 64.968 seconds
